{"level":"info","message":"Info logging is working"}
{"level":"error","message":"Error logging is working"}
{"body":{"password":"dummy","username":"dummy2"},"level":"info","message":"API Input"}
{"level":"info","message":"API Path","path":"/v1/category/all"}
{"body":{"password":"dummy","username":"dummy2"},"level":"info","message":"API Input"}
{"level":"info","message":"API Path","path":"/v1/category/all"}
{"body":{"password":"dummy","username":"dummy2"},"level":"info","message":"API Input"}
{"level":"info","message":"API Path","path":"/v1/user/login"}
{"body":{"password":"dummy","username":"dummy4"},"level":"info","message":"API Input"}
{"level":"info","message":"API Path","path":"/v1/user/signup"}
{"body":{"password":"dummy","username":"dummy4"},"level":"info","message":"API Input"}
{"level":"info","message":"API Path","path":"/v1/user/login"}
{"body":{"password":"dummy","username":"dummy5"},"level":"info","message":"API Input"}
{"level":"info","message":"API Path","path":"/v1/user/signup"}
{"body":{"password":"dummy","username":"dummy5"},"level":"info","message":"API Input"}
{"level":"info","message":"API Path","path":"/v1/user/login"}
{"body":{},"level":"info","message":"API Input"}
{"level":"info","message":"API Path","path":"/v1/category/all"}
{"body":{},"level":"info","message":"API Input"}
{"level":"info","message":"API Path","path":"/v1/category/all"}
{"body":{},"level":"info","message":"API Input"}
{"level":"info","message":"API Path","path":"/v1/category/all"}
{"body":{},"level":"info","message":"API Input"}
{"level":"info","message":"API Path","path":"/v1/category/all"}
{"body":{},"level":"info","message":"API Input"}
{"level":"info","message":"API Path","path":"/v1/category/all"}
{"body":{},"level":"info","message":"API Input"}
{"level":"info","message":"API Path","path":"/v1/category/all"}
{"body":{"password":"1234","username":"234"},"level":"info","message":"API Input"}
{"level":"info","message":"API Path","path":"/v1/user/signup"}
{"body":{"password":"1234","username":"234"},"level":"info","message":"API Input"}
{"level":"info","message":"API Path","path":"/v1/user/signup"}
{"body":{"password":"1234","username":"2w34"},"level":"info","message":"API Input"}
{"level":"info","message":"API Path","path":"/v1/user/signup"}
{"body":{"password":"1234","username":"2w34"},"level":"info","message":"API Input"}
{"level":"info","message":"API Path","path":"/v1/user/signup"}
{"body":{"password":"1234","username":"2w34"},"level":"info","message":"API Input"}
{"level":"info","message":"API Path","path":"/v1/user/signup"}
{"body":{"password":"jhonny","username":"jhonny"},"level":"info","message":"API Input"}
{"level":"info","message":"API Path","path":"/v1/category/all"}
{"body":{},"level":"info","message":"API Input"}
{"level":"info","message":"API Path","path":"/v1/category/all"}
{"body":{"password":12345,"username":"Superman"},"level":"info","message":"API Input"}
{"level":"info","message":"API Path","path":"/v1/user/signup"}
{"body":{"password":12345,"username":"Superman"},"level":"info","message":"API Input"}
{"level":"info","message":"API Path","path":"/v1/user/signup"}
{"body":{"password":12345,"username":"Superman"},"level":"info","message":"API Input"}
{"level":"info","message":"API Path","path":"/v1/user/signup"}
{"body":{},"level":"info","message":"API Input"}
{"level":"info","message":"API Path","path":"/v1/category/all"}
{"body":{},"level":"info","message":"API Input"}
{"level":"info","message":"API Path","path":"/v1/category/all"}
{"body":{"categoryId":1,"descrition":"Macintosh Family","name":"Laptop","price":98765432,"vendorId":1},"level":"info","message":"API Input"}
{"level":"info","message":"API Path","path":"/v1/product/add"}
{"body":{"categoryId":1,"description":"Macintosh Family","name":"Laptop","price":98765432,"vendorId":1},"level":"info","message":"API Input"}
{"level":"info","message":"API Path","path":"/v1/product/add"}
{"body":{},"level":"info","message":"API Input"}
{"level":"info","message":"API Path","path":"/v1/listcategories"}
{"body":{"productId":50,"userId":141},"level":"info","message":"API Input"}
{"level":"info","message":"API Path","path":"/v1/order/add"}
{"body":{"productId":50,"userId":141},"level":"info","message":"API Input"}
{"level":"info","message":"API Path","path":"/v1/order/add"}
{"body":{"productId":50,"userId":141},"level":"info","message":"API Input"}
{"level":"info","message":"API Path","path":"/v1/order/add"}
{"body":{"productId":50,"userId":141},"level":"info","message":"API Input"}
{"level":"info","message":"API Path","path":"/v1/orders/add"}
{"body":{"productId":50,"userId":141},"level":"info","message":"API Input"}
{"level":"info","message":"API Path","path":"/v1/order/add"}
{"body":{"productId":49,"userId":141},"level":"info","message":"API Input"}
{"level":"info","message":"API Path","path":"/v1/order/add"}
{"body":{"productId":49,"userId":141},"level":"info","message":"API Input"}
{"level":"info","message":"API Path","path":"/v1/order/add"}
{"body":{"productId":49,"userId":141},"level":"info","message":"API Input"}
{"level":"info","message":"API Path","path":"/v1/order/add"}
{"body":{"productdfwId":49,"userId":141},"level":"info","message":"API Input"}
{"level":"info","message":"API Path","path":"/v1/order/add"}
{"body":{"productdfwId":49,"userId":141},"level":"info","message":"API Input"}
{"level":"info","message":"API Path","path":"/v1/order/add"}
{"body":{"productId":51,"userId":142},"level":"info","message":"API Input"}
{"level":"info","message":"API Path","path":"/v1/order/add"}
{"body":{"productId":51,"userId":142},"level":"info","message":"API Input"}
{"level":"info","message":"API Path","path":"/v1/order/add"}
{"body":{"productId":51,"userId":142},"level":"info","message":"API Input"}
{"level":"info","message":"API Path","path":"/v1/order/add"}
{"body":{"productId":51,"userId":142},"level":"info","message":"API Input"}
{"level":"info","message":"API Path","path":"/v1/order/add"}
{"body":{"productId":51,"userId":142},"level":"info","message":"API Input"}
{"level":"info","message":"API Path","path":"/v1/order/add"}
{"body":{"productId":52,"userId":142},"level":"info","message":"API Input"}
{"level":"info","message":"API Path","path":"/v1/order/add"}
{"body":{"productId":53,"quantity":60,"userId":142},"level":"info","message":"API Input"}
{"level":"info","message":"API Path","path":"/v1/order/add"}
